SegundoParcial/Deberes/app/build/intermediates/manifest_merge_blame_file/debug/manifest-merger-blame-debug-report.txt
1<?xml version="1.0" encoding="utf-8"?>
2<manifest xmlns:android="http://schemas.android.com/apk/res/android"
3    package="com.example.chat_cuevapallo"
4    android:versionCode="1"
5    android:versionName="1.0" >
6
7    <uses-sdk
8        android:minSdkVersion="24"
8-->src\main\AndroidManifest.xml
9        android:targetSdkVersion="29" />
9-->src\main\AndroidManifest.xml
10
11    <uses-permission android:name="android.permission.INTERNET" />
11-->src\main\AndroidManifest.xml:5:5-67
11-->src\main\AndroidManifest.xml:5:22-64
12    <uses-permission android:name="android.permission.VIBRATE" />
12-->src\main\AndroidManifest.xml:6:5-66
12-->src\main\AndroidManifest.xml:6:22-63
13    <uses-permission android:name="android.permission.ACCESS_NETWORK_STATE" />
13-->[com.firebaseui:firebase-ui-auth:6.2.0] AndroidManifest.xml:12:5-79
13-->[com.firebaseui:firebase-ui-auth:6.2.0] AndroidManifest.xml:12:22-76
14
15    <application
15-->src\main\AndroidManifest.xml:8:5-26:19
16        android:allowBackup="true"
16-->src\main\AndroidManifest.xml:9:9-35
17        android:appComponentFactory="androidx.core.app.CoreComponentFactory"
17-->[androidx.core:core:1.2.0] AndroidManifest.xml:24:18-86
18        android:debuggable="true"
19        android:extractNativeLibs="false"
20        android:icon="@mipmap/ic_launcher"
20-->src\main\AndroidManifest.xml:10:9-43
21        android:label="@string/app_name"
21-->src\main\AndroidManifest.xml:11:9-41
22        android:roundIcon="@mipmap/ic_launcher_round"
22-->src\main\AndroidManifest.xml:12:9-54
23        android:supportsRtl="true"
23-->src\main\AndroidManifest.xml:13:9-35
24        android:testOnly="true"
25        android:theme="@style/AppTheme" >
25-->src\main\AndroidManifest.xml:14:9-40
26        <activity
26-->src\main\AndroidManifest.xml:15:9-106
27            android:name="com.example.chat_cuevapallo.MensajesActivity"
27-->src\main\AndroidManifest.xml:15:19-51
28            android:parentActivityName="com.example.chat_cuevapallo.homeActivity" />
28-->src\main\AndroidManifest.xml:15:52-94
29        <activity android:name="com.example.chat_cuevapallo.homeActivity" />
29-->src\main\AndroidManifest.xml:16:9-50
29-->src\main\AndroidManifest.xml:16:19-47
30        <activity
30-->src\main\AndroidManifest.xml:17:9-25:20
31            android:name="com.example.chat_cuevapallo.MainActivity"
31-->src\main\AndroidManifest.xml:18:13-41
32            android:theme="@style/SpashTheme" >
32-->src\main\AndroidManifest.xml:19:13-46
33            <intent-filter>
33-->src\main\AndroidManifest.xml:20:13-24:29
34                <action android:name="android.intent.action.MAIN" />
34-->src\main\AndroidManifest.xml:21:17-69
34-->src\main\AndroidManifest.xml:21:25-66
35
36                <category android:name="android.intent.category.LAUNCHER" />
36-->src\main\AndroidManifest.xml:23:17-77
36-->src\main\AndroidManifest.xml:23:27-74
37            </intent-filter>
38        </activity>
39
40        <meta-data
40-->[com.firebaseui:firebase-ui-auth:6.2.0] AndroidManifest.xml:16:9-18:69
41            android:name="com.google.android.gms.version"
41-->[com.firebaseui:firebase-ui-auth:6.2.0] AndroidManifest.xml:17:13-58
42            android:value="@integer/google_play_services_version" />
42-->[com.firebaseui:firebase-ui-auth:6.2.0] AndroidManifest.xml:18:13-66
43        <meta-data
43-->[com.firebaseui:firebase-ui-auth:6.2.0] AndroidManifest.xml:19:9-21:63
44            android:name="com.facebook.sdk.ApplicationId"
44-->[com.firebaseui:firebase-ui-auth:6.2.0] AndroidManifest.xml:20:13-58
45            android:value="@string/facebook_application_id" />
45-->[com.firebaseui:firebase-ui-auth:6.2.0] AndroidManifest.xml:21:13-60
46
47        <activity
47-->[com.firebaseui:firebase-ui-auth:6.2.0] AndroidManifest.xml:23:9-27:61
48            android:name="com.firebase.ui.auth.KickoffActivity"
48-->[com.firebaseui:firebase-ui-auth:6.2.0] AndroidManifest.xml:24:13-64
49            android:exported="false"
49-->[com.firebaseui:firebase-ui-auth:6.2.0] AndroidManifest.xml:25:13-37
50            android:label=""
50-->[com.firebaseui:firebase-ui-auth:6.2.0] AndroidManifest.xml:26:13-29
51            android:theme="@style/FirebaseUI.Transparent" />
51-->[com.firebaseui:firebase-ui-auth:6.2.0] AndroidManifest.xml:27:13-58
52        <activity
52-->[com.firebaseui:firebase-ui-auth:6.2.0] AndroidManifest.xml:28:9-32:61
53            android:name="com.firebase.ui.auth.ui.idp.SingleSignInActivity"
53-->[com.firebaseui:firebase-ui-auth:6.2.0] AndroidManifest.xml:29:13-76
54            android:exported="false"
54-->[com.firebaseui:firebase-ui-auth:6.2.0] AndroidManifest.xml:30:13-37
55            android:label=""
55-->[com.firebaseui:firebase-ui-auth:6.2.0] AndroidManifest.xml:31:13-29
56            android:theme="@style/FirebaseUI.Transparent" />
56-->[com.firebaseui:firebase-ui-auth:6.2.0] AndroidManifest.xml:32:13-58
57        <activity
57-->[com.firebaseui:firebase-ui-auth:6.2.0] AndroidManifest.xml:33:9-37:61
58            android:name="com.firebase.ui.auth.ui.credentials.CredentialSaveActivity"
58-->[com.firebaseui:firebase-ui-auth:6.2.0] AndroidManifest.xml:34:13-86
59            android:exported="false"
59-->[com.firebaseui:firebase-ui-auth:6.2.0] AndroidManifest.xml:35:13-37
60            android:label=""
60-->[com.firebaseui:firebase-ui-auth:6.2.0] AndroidManifest.xml:36:13-29
61            android:theme="@style/FirebaseUI.Transparent" />
61-->[com.firebaseui:firebase-ui-auth:6.2.0] AndroidManifest.xml:37:13-58
62        <activity
62-->[com.firebaseui:firebase-ui-auth:6.2.0] AndroidManifest.xml:38:9-42:58
63            android:name="com.firebase.ui.auth.ui.email.RecoverPasswordActivity"
63-->[com.firebaseui:firebase-ui-auth:6.2.0] AndroidManifest.xml:39:13-81
64            android:exported="false"
64-->[com.firebaseui:firebase-ui-auth:6.2.0] AndroidManifest.xml:40:13-37
65            android:label="@string/fui_title_recover_password_activity"
65-->[com.firebaseui:firebase-ui-auth:6.2.0] AndroidManifest.xml:41:13-72
66            android:windowSoftInputMode="adjustResize" />
66-->[com.firebaseui:firebase-ui-auth:6.2.0] AndroidManifest.xml:42:13-55
67        <activity
67-->[com.firebaseui:firebase-ui-auth:6.2.0] AndroidManifest.xml:43:9-47:58
68            android:name="com.firebase.ui.auth.ui.email.EmailActivity"
68-->[com.firebaseui:firebase-ui-auth:6.2.0] AndroidManifest.xml:44:13-71
69            android:exported="false"
69-->[com.firebaseui:firebase-ui-auth:6.2.0] AndroidManifest.xml:45:13-37
70            android:label="@string/fui_sign_in_default"
70-->[com.firebaseui:firebase-ui-auth:6.2.0] AndroidManifest.xml:46:13-56
71            android:windowSoftInputMode="adjustResize" />
71-->[com.firebaseui:firebase-ui-auth:6.2.0] AndroidManifest.xml:47:13-55
72        <activity
72-->[com.firebaseui:firebase-ui-auth:6.2.0] AndroidManifest.xml:48:9-52:77
73            android:name="com.firebase.ui.auth.ui.phone.PhoneActivity"
73-->[com.firebaseui:firebase-ui-auth:6.2.0] AndroidManifest.xml:49:13-71
74            android:exported="false"
74-->[com.firebaseui:firebase-ui-auth:6.2.0] AndroidManifest.xml:50:13-37
75            android:label="@string/fui_sign_in_with_phone_number"
75-->[com.firebaseui:firebase-ui-auth:6.2.0] AndroidManifest.xml:51:13-66
76            android:windowSoftInputMode="adjustResize|stateAlwaysVisible" />
76-->[com.firebaseui:firebase-ui-auth:6.2.0] AndroidManifest.xml:52:13-74
77        <activity
77-->[com.firebaseui:firebase-ui-auth:6.2.0] AndroidManifest.xml:53:9-57:58
78            android:name="com.firebase.ui.auth.ui.idp.WelcomeBackIdpPrompt"
78-->[com.firebaseui:firebase-ui-auth:6.2.0] AndroidManifest.xml:54:13-76
79            android:exported="false"
79-->[com.firebaseui:firebase-ui-auth:6.2.0] AndroidManifest.xml:55:13-37
80            android:label="@string/fui_title_welcome_back_idp_prompt"
80-->[com.firebaseui:firebase-ui-auth:6.2.0] AndroidManifest.xml:56:13-70
81            android:windowSoftInputMode="adjustResize" />
81-->[com.firebaseui:firebase-ui-auth:6.2.0] AndroidManifest.xml:57:13-55
82        <activity
82-->[com.firebaseui:firebase-ui-auth:6.2.0] AndroidManifest.xml:58:9-62:58
83            android:name="com.firebase.ui.auth.ui.email.WelcomeBackPasswordPrompt"
83-->[com.firebaseui:firebase-ui-auth:6.2.0] AndroidManifest.xml:59:13-83
84            android:exported="false"
84-->[com.firebaseui:firebase-ui-auth:6.2.0] AndroidManifest.xml:60:13-37
85            android:label="@string/fui_title_welcome_back_password_prompt"
85-->[com.firebaseui:firebase-ui-auth:6.2.0] AndroidManifest.xml:61:13-75
86            android:windowSoftInputMode="adjustResize" />
86-->[com.firebaseui:firebase-ui-auth:6.2.0] AndroidManifest.xml:62:13-55
87        <activity
87-->[com.firebaseui:firebase-ui-auth:6.2.0] AndroidManifest.xml:63:9-67:58
88            android:name="com.firebase.ui.auth.ui.email.WelcomeBackEmailLinkPrompt"
88-->[com.firebaseui:firebase-ui-auth:6.2.0] AndroidManifest.xml:64:13-84
89            android:exported="false"
89-->[com.firebaseui:firebase-ui-auth:6.2.0] AndroidManifest.xml:65:13-37
90            android:label="@string/fui_title_welcome_back_password_prompt"
90-->[com.firebaseui:firebase-ui-auth:6.2.0] AndroidManifest.xml:66:13-75
91            android:windowSoftInputMode="adjustResize" />
91-->[com.firebaseui:firebase-ui-auth:6.2.0] AndroidManifest.xml:67:13-55
92        <activity
92-->[com.firebaseui:firebase-ui-auth:6.2.0] AndroidManifest.xml:68:9-73:58
93            android:name="com.firebase.ui.auth.ui.email.EmailLinkCatcherActivity"
93-->[com.firebaseui:firebase-ui-auth:6.2.0] AndroidManifest.xml:69:13-82
94            android:exported="false"
94-->[com.firebaseui:firebase-ui-auth:6.2.0] AndroidManifest.xml:70:13-37
95            android:label=""
95-->[com.firebaseui:firebase-ui-auth:6.2.0] AndroidManifest.xml:71:13-29
96            android:theme="@style/FirebaseUI.Transparent"
96-->[com.firebaseui:firebase-ui-auth:6.2.0] AndroidManifest.xml:72:13-58
97            android:windowSoftInputMode="adjustResize" />
97-->[com.firebaseui:firebase-ui-auth:6.2.0] AndroidManifest.xml:73:13-55
98        <activity
98-->[com.firebaseui:firebase-ui-auth:6.2.0] AndroidManifest.xml:74:9-78:58
99            android:name="com.firebase.ui.auth.ui.email.EmailLinkErrorRecoveryActivity"
99-->[com.firebaseui:firebase-ui-auth:6.2.0] AndroidManifest.xml:75:13-88
100            android:exported="false"
100-->[com.firebaseui:firebase-ui-auth:6.2.0] AndroidManifest.xml:76:13-37
101            android:label="@string/fui_sign_in_default"
101-->[com.firebaseui:firebase-ui-auth:6.2.0] AndroidManifest.xml:77:13-56
102            android:windowSoftInputMode="adjustResize" />
102-->[com.firebaseui:firebase-ui-auth:6.2.0] AndroidManifest.xml:78:13-55
103        <activity
103-->[com.firebaseui:firebase-ui-auth:6.2.0] AndroidManifest.xml:79:9-82:65
104            android:name="com.firebase.ui.auth.ui.idp.AuthMethodPickerActivity"
104-->[com.firebaseui:firebase-ui-auth:6.2.0] AndroidManifest.xml:80:13-80
105            android:exported="false"
105-->[com.firebaseui:firebase-ui-auth:6.2.0] AndroidManifest.xml:81:13-37
106            android:label="@string/fui_default_toolbar_title" />
106-->[com.firebaseui:firebase-ui-auth:6.2.0] AndroidManifest.xml:82:13-62
107        <activity
107-->[com.firebaseui:firebase-ui-auth:6.2.0] AndroidManifest.xml:83:9-87:48
108            android:name="com.facebook.FacebookActivity"
108-->[com.firebaseui:firebase-ui-auth:6.2.0] AndroidManifest.xml:84:13-57
109            android:configChanges="keyboard|keyboardHidden|screenLayout|screenSize|orientation"
109-->[com.firebaseui:firebase-ui-auth:6.2.0] AndroidManifest.xml:85:13-96
110            android:label="@string/app_name" />
110-->[com.firebaseui:firebase-ui-auth:6.2.0] AndroidManifest.xml:86:13-45
111        <activity
111-->[com.firebaseui:firebase-ui-auth:6.2.0] AndroidManifest.xml:88:9-100:20
112            android:name="com.facebook.CustomTabActivity"
112-->[com.firebaseui:firebase-ui-auth:6.2.0] AndroidManifest.xml:89:13-58
113            android:exported="true" >
113-->[com.firebaseui:firebase-ui-auth:6.2.0] AndroidManifest.xml:90:13-36
114            <intent-filter>
114-->[com.firebaseui:firebase-ui-auth:6.2.0] AndroidManifest.xml:92:13-99:29
115                <action android:name="android.intent.action.VIEW" />
115-->[com.firebaseui:firebase-ui-auth:6.2.0] AndroidManifest.xml:93:17-69
115-->[com.firebaseui:firebase-ui-auth:6.2.0] AndroidManifest.xml:93:25-66
116
117                <category android:name="android.intent.category.DEFAULT" />
117-->[com.firebaseui:firebase-ui-auth:6.2.0] AndroidManifest.xml:95:17-76
117-->[com.firebaseui:firebase-ui-auth:6.2.0] AndroidManifest.xml:95:27-73
118                <category android:name="android.intent.category.BROWSABLE" />
118-->[com.firebaseui:firebase-ui-auth:6.2.0] AndroidManifest.xml:96:17-78
118-->[com.firebaseui:firebase-ui-auth:6.2.0] AndroidManifest.xml:96:27-75
119
120                <data android:scheme="@string/facebook_login_protocol_scheme" />
120-->[com.firebaseui:firebase-ui-auth:6.2.0] AndroidManifest.xml:98:17-81
120-->[com.firebaseui:firebase-ui-auth:6.2.0] AndroidManifest.xml:98:23-78
121            </intent-filter>
122        </activity>
123
124        <provider
124-->[com.firebaseui:firebase-ui-auth:6.2.0] AndroidManifest.xml:102:9-106:38
125            android:name="com.firebase.ui.auth.data.client.AuthUiInitProvider"
125-->[com.firebaseui:firebase-ui-auth:6.2.0] AndroidManifest.xml:103:13-79
126            android:authorities="com.example.chat_cuevapallo.authuiinitprovider"
126-->[com.firebaseui:firebase-ui-auth:6.2.0] AndroidManifest.xml:104:13-70
127            android:exported="false"
127-->[com.firebaseui:firebase-ui-auth:6.2.0] AndroidManifest.xml:105:13-37
128            android:initOrder="90" />
128-->[com.firebaseui:firebase-ui-auth:6.2.0] AndroidManifest.xml:106:13-35
129
130        <service
130-->[com.google.firebase:firebase-database:19.2.1] AndroidManifest.xml:29:9-35:19
131            android:name="com.google.firebase.components.ComponentDiscoveryService"
131-->[com.google.firebase:firebase-database:19.2.1] AndroidManifest.xml:30:13-84
132            android:directBootAware="true"
132-->[com.google.firebase:firebase-common:19.3.0] AndroidManifest.xml:34:13-43
133            android:exported="false" >
133-->[com.google.firebase:firebase-database:19.2.1] AndroidManifest.xml:31:13-37
134            <meta-data
134-->[com.google.firebase:firebase-database:19.2.1] AndroidManifest.xml:32:13-34:85
135                android:name="com.google.firebase.components:com.google.firebase.database.DatabaseRegistrar"
135-->[com.google.firebase:firebase-database:19.2.1] AndroidManifest.xml:33:17-109
136                android:value="com.google.firebase.components.ComponentRegistrar" />
136-->[com.google.firebase:firebase-database:19.2.1] AndroidManifest.xml:34:17-82
137            <meta-data
137-->[com.google.firebase:firebase-auth:19.2.0] AndroidManifest.xml:36:13-38:85
138                android:name="com.google.firebase.components:com.google.firebase.auth.FirebaseAuthRegistrar"
138-->[com.google.firebase:firebase-auth:19.2.0] AndroidManifest.xml:37:17-109
139                android:value="com.google.firebase.components.ComponentRegistrar" />
139-->[com.google.firebase:firebase-auth:19.2.0] AndroidManifest.xml:38:17-82
140        </service>
141
142        <activity
142-->[com.google.firebase:firebase-auth:19.2.0] AndroidManifest.xml:24:9-31:50
143            android:name="com.google.firebase.auth.internal.FederatedSignInActivity"
143-->[com.google.firebase:firebase-auth:19.2.0] AndroidManifest.xml:25:13-85
144            android:excludeFromRecents="true"
144-->[com.google.firebase:firebase-auth:19.2.0] AndroidManifest.xml:26:13-46
145            android:exported="true"
145-->[com.google.firebase:firebase-auth:19.2.0] AndroidManifest.xml:27:13-36
146            android:launchMode="singleTask"
146-->[com.google.firebase:firebase-auth:19.2.0] AndroidManifest.xml:28:13-44
147            android:permission="com.google.firebase.auth.api.gms.permission.LAUNCH_FEDERATED_SIGN_IN"
147-->[com.google.firebase:firebase-auth:19.2.0] AndroidManifest.xml:29:13-102
148            android:theme="@android:style/Theme.Translucent.NoTitleBar" />
148-->[com.google.firebase:firebase-auth:19.2.0] AndroidManifest.xml:30:13-72
149
150        <provider
150-->[com.google.firebase:firebase-common:19.3.0] AndroidManifest.xml:26:9-30:39
151            android:name="com.google.firebase.provider.FirebaseInitProvider"
151-->[com.google.firebase:firebase-common:19.3.0] AndroidManifest.xml:27:13-77
152            android:authorities="com.example.chat_cuevapallo.firebaseinitprovider"
152-->[com.google.firebase:firebase-common:19.3.0] AndroidManifest.xml:28:13-72
153            android:exported="false"
153-->[com.google.firebase:firebase-common:19.3.0] AndroidManifest.xml:29:13-37
154            android:initOrder="100" />
154-->[com.google.firebase:firebase-common:19.3.0] AndroidManifest.xml:30:13-36
155
156        <activity
156-->[com.google.android.gms:play-services-auth:17.0.0] AndroidManifest.xml:23:9-27:75
157            android:name="com.google.android.gms.auth.api.signin.internal.SignInHubActivity"
157-->[com.google.android.gms:play-services-auth:17.0.0] AndroidManifest.xml:24:13-93
158            android:excludeFromRecents="true"
158-->[com.google.android.gms:play-services-auth:17.0.0] AndroidManifest.xml:25:13-46
159            android:exported="false"
159-->[com.google.android.gms:play-services-auth:17.0.0] AndroidManifest.xml:26:13-37
160            android:theme="@android:style/Theme.Translucent.NoTitleBar" />
160-->[com.google.android.gms:play-services-auth:17.0.0] AndroidManifest.xml:27:13-72
161        <!--
162            Service handling Google Sign-In user revocation. For apps that do not integrate with
163            Google Sign-In, this service will never be started.
164        -->
165        <service
165-->[com.google.android.gms:play-services-auth:17.0.0] AndroidManifest.xml:33:9-36:110
166            android:name="com.google.android.gms.auth.api.signin.RevocationBoundService"
166-->[com.google.android.gms:play-services-auth:17.0.0] AndroidManifest.xml:34:13-89
167            android:exported="true"
167-->[com.google.android.gms:play-services-auth:17.0.0] AndroidManifest.xml:35:13-36
168            android:permission="com.google.android.gms.auth.api.signin.permission.REVOCATION_NOTIFICATION" />
168-->[com.google.android.gms:play-services-auth:17.0.0] AndroidManifest.xml:36:13-107
169
170        <activity
170-->[com.google.android.gms:play-services-base:17.1.0] AndroidManifest.xml:23:9-26:75
171            android:name="com.google.android.gms.common.api.GoogleApiActivity"
171-->[com.google.android.gms:play-services-base:17.1.0] AndroidManifest.xml:24:13-79
172            android:exported="false"
172-->[com.google.android.gms:play-services-base:17.1.0] AndroidManifest.xml:25:13-37
173            android:theme="@android:style/Theme.Translucent.NoTitleBar" />
173-->[com.google.android.gms:play-services-base:17.1.0] AndroidManifest.xml:26:13-72
174
175        <provider
175-->[androidx.lifecycle:lifecycle-process:2.1.0] AndroidManifest.xml:23:9-27:43
176            android:name="androidx.lifecycle.ProcessLifecycleOwnerInitializer"
176-->[androidx.lifecycle:lifecycle-process:2.1.0] AndroidManifest.xml:24:13-79
177            android:authorities="com.example.chat_cuevapallo.lifecycle-process"
177-->[androidx.lifecycle:lifecycle-process:2.1.0] AndroidManifest.xml:25:13-69
178            android:exported="false"
178-->[androidx.lifecycle:lifecycle-process:2.1.0] AndroidManifest.xml:26:13-37
179            android:multiprocess="true" />
179-->[androidx.lifecycle:lifecycle-process:2.1.0] AndroidManifest.xml:27:13-40
180    </application>
181
182</manifest>